<?xml version="1.0" encoding="UTF-8"?>
<testng-results skipped="0" failed="1" ignored="0" total="5" passed="4">
  <reporter-output>
  </reporter-output>
  <suite name="Default suite" duration-ms="33155" started-at="2018-09-27T10:25:08Z" finished-at="2018-09-27T10:25:41Z">
    <groups>
      <group name="InValidScenario">
        <method signature="FlipKartLogin.Invalid()[pri:0, instance:FlipKartLogin.FlipKartLogin@5ae9a829]" name="Invalid" class="FlipKartLogin.FlipKartLogin"/>
        <method signature="FlipKartLogin.validpassword()[pri:0, instance:FlipKartLogin.FlipKartLogin@5ae9a829]" name="validpassword" class="FlipKartLogin.FlipKartLogin"/>
        <method signature="FlipKartLogin.validusername()[pri:0, instance:FlipKartLogin.FlipKartLogin@5ae9a829]" name="validusername" class="FlipKartLogin.FlipKartLogin"/>
      </group> <!-- InValidScenario -->
      <group name="ValidScenario">
        <method signature="FlipKartLogin.Valid()[pri:0, instance:FlipKartLogin.FlipKartLogin@5ae9a829]" name="Valid" class="FlipKartLogin.FlipKartLogin"/>
        <method signature="FlipKartLogin.logout()[pri:0, instance:FlipKartLogin.FlipKartLogin@5ae9a829]" name="logout" class="FlipKartLogin.FlipKartLogin"/>
      </group> <!-- ValidScenario -->
    </groups>
    <test name="Default test" duration-ms="33155" started-at="2018-09-27T10:25:08Z" finished-at="2018-09-27T10:25:41Z">
      <class name="FlipKartLogin.FlipKartLogin">
        <test-method status="PASS" signature="openwebsite()[pri:0, instance:FlipKartLogin.FlipKartLogin@5ae9a829]" name="openwebsite" is-config="true" duration-ms="65871" started-at="2018-09-27T15:54:02Z" finished-at="2018-09-27T15:55:08Z">
          <reporter-output>
          </reporter-output>
        </test-method> <!-- openwebsite -->
        <test-method status="PASS" signature="Invalid()[pri:0, instance:FlipKartLogin.FlipKartLogin@5ae9a829]" name="Invalid" duration-ms="8103" started-at="2018-09-27T15:55:08Z" finished-at="2018-09-27T15:55:17Z">
          <reporter-output>
          </reporter-output>
        </test-method> <!-- Invalid -->
        <test-method status="PASS" signature="Valid()[pri:0, instance:FlipKartLogin.FlipKartLogin@5ae9a829]" name="Valid" duration-ms="3375" started-at="2018-09-27T15:55:17Z" finished-at="2018-09-27T15:55:20Z">
          <reporter-output>
          </reporter-output>
        </test-method> <!-- Valid -->
        <test-method status="PASS" signature="validpassword()[pri:0, instance:FlipKartLogin.FlipKartLogin@5ae9a829]" name="validpassword" duration-ms="932" started-at="2018-09-27T15:55:20Z" finished-at="2018-09-27T15:55:21Z">
          <reporter-output>
          </reporter-output>
        </test-method> <!-- validpassword -->
        <test-method status="PASS" signature="validusername()[pri:0, instance:FlipKartLogin.FlipKartLogin@5ae9a829]" name="validusername" duration-ms="1753" started-at="2018-09-27T15:55:21Z" finished-at="2018-09-27T15:55:23Z">
          <reporter-output>
          </reporter-output>
        </test-method> <!-- validusername -->
        <test-method status="FAIL" signature="logout()[pri:0, instance:FlipKartLogin.FlipKartLogin@5ae9a829]" name="logout" duration-ms="17966" started-at="2018-09-27T15:55:23Z" depends-on-methods="FlipKartLogin.FlipKartLogin.Valid" finished-at="2018-09-27T15:55:41Z">
          <exception class="java.lang.IllegalArgumentException">
            <message>
              <![CDATA[Must provide a location for a move action.]]>
            </message>
            <full-stacktrace>
              <![CDATA[java.lang.IllegalArgumentException: Must provide a location for a move action.
	at org.openqa.selenium.interactions.MoveMouseAction.<init>(MoveMouseAction.java:38)
	at org.openqa.selenium.interactions.Actions.moveToElement(Actions.java:381)
	at FlipKartLogin.FlipKartLogin.logout(FlipKartLogin.java:51)
	at sun.reflect.NativeMethodAccessorImpl.invoke0(Native Method)
	at sun.reflect.NativeMethodAccessorImpl.invoke(NativeMethodAccessorImpl.java:62)
	at sun.reflect.DelegatingMethodAccessorImpl.invoke(DelegatingMethodAccessorImpl.java:43)
	at java.lang.reflect.Method.invoke(Method.java:498)
	at org.testng.internal.MethodInvocationHelper.invokeMethod(MethodInvocationHelper.java:108)
	at org.testng.internal.Invoker.invokeMethod(Invoker.java:669)
	at org.testng.internal.Invoker.invokeTestMethod(Invoker.java:877)
	at org.testng.internal.Invoker.invokeTestMethods(Invoker.java:1201)
	at org.testng.internal.TestMethodWorker.invokeTestMethods(TestMethodWorker.java:125)
	at org.testng.internal.TestMethodWorker.run(TestMethodWorker.java:109)
	at org.testng.TestRunner.privateRun(TestRunner.java:776)
	at org.testng.TestRunner.run(TestRunner.java:634)
	at org.testng.SuiteRunner.runTest(SuiteRunner.java:425)
	at org.testng.SuiteRunner.runSequentially(SuiteRunner.java:420)
	at org.testng.SuiteRunner.privateRun(SuiteRunner.java:385)
	at org.testng.SuiteRunner.run(SuiteRunner.java:334)
	at org.testng.SuiteRunnerWorker.runSuite(SuiteRunnerWorker.java:52)
	at org.testng.SuiteRunnerWorker.run(SuiteRunnerWorker.java:86)
	at org.testng.TestNG.runSuitesSequentially(TestNG.java:1318)
	at org.testng.TestNG.runSuitesLocally(TestNG.java:1243)
	at org.testng.TestNG.runSuites(TestNG.java:1161)
	at org.testng.TestNG.run(TestNG.java:1129)
	at org.testng.remote.AbstractRemoteTestNG.run(AbstractRemoteTestNG.java:114)
	at org.testng.remote.RemoteTestNG.initAndRun(RemoteTestNG.java:251)
	at org.testng.remote.RemoteTestNG.main(RemoteTestNG.java:77)
]]>
            </full-stacktrace>
          </exception> <!-- java.lang.IllegalArgumentException -->
          <reporter-output>
          </reporter-output>
        </test-method> <!-- logout -->
        <test-method status="PASS" signature="closebrowser()[pri:0, instance:FlipKartLogin.FlipKartLogin@5ae9a829]" name="closebrowser" is-config="true" duration-ms="8597" started-at="2018-09-27T15:55:45Z" finished-at="2018-09-27T15:55:54Z">
          <reporter-output>
          </reporter-output>
        </test-method> <!-- closebrowser -->
      </class> <!-- FlipKartLogin.FlipKartLogin -->
    </test> <!-- Default test -->
  </suite> <!-- Default suite -->
</testng-results>
