<?xml version="1.0" encoding="UTF-8"?>
<testng-results skipped="0" failed="1" ignored="0" total="5" passed="4">
  <reporter-output>
  </reporter-output>
  <suite name="FlipKartLogin" duration-ms="26408" started-at="2018-08-18T09:58:12Z" finished-at="2018-08-18T09:58:38Z">
    <groups>
      <group name="InValidScenario">
        <method signature="FlipKartLogin.Invalid()[pri:0, instance:FlipKartLogin.FlipKartLogin@6d8a00e3]" name="Invalid" class="FlipKartLogin.FlipKartLogin"/>
        <method signature="FlipKartLogin.validpassword()[pri:0, instance:FlipKartLogin.FlipKartLogin@6d8a00e3]" name="validpassword" class="FlipKartLogin.FlipKartLogin"/>
        <method signature="FlipKartLogin.validusername()[pri:0, instance:FlipKartLogin.FlipKartLogin@6d8a00e3]" name="validusername" class="FlipKartLogin.FlipKartLogin"/>
      </group> <!-- InValidScenario -->
      <group name="ValidScenario">
        <method signature="FlipKartLogin.Valid()[pri:0, instance:FlipKartLogin.FlipKartLogin@6d8a00e3]" name="Valid" class="FlipKartLogin.FlipKartLogin"/>
        <method signature="FlipKartLogin.logout()[pri:0, instance:FlipKartLogin.FlipKartLogin@6d8a00e3]" name="logout" class="FlipKartLogin.FlipKartLogin"/>
      </group> <!-- ValidScenario -->
    </groups>
    <test name="LoginTest" duration-ms="26408" started-at="2018-08-18T09:58:12Z" finished-at="2018-08-18T09:58:38Z">
      <class name="FlipKartLogin.FlipKartLogin">
        <test-method status="PASS" signature="openwebsite()[pri:0, instance:FlipKartLogin.FlipKartLogin@6d8a00e3]" name="openwebsite" is-config="true" duration-ms="31326" started-at="2018-08-18T15:27:41Z" finished-at="2018-08-18T15:28:12Z">
          <reporter-output>
          </reporter-output>
        </test-method> <!-- openwebsite -->
        <test-method status="PASS" signature="Invalid()[pri:0, instance:FlipKartLogin.FlipKartLogin@6d8a00e3]" name="Invalid" duration-ms="2309" started-at="2018-08-18T15:28:12Z" finished-at="2018-08-18T15:28:14Z">
          <reporter-output>
          </reporter-output>
        </test-method> <!-- Invalid -->
        <test-method status="PASS" signature="Valid()[pri:0, instance:FlipKartLogin.FlipKartLogin@6d8a00e3]" name="Valid" duration-ms="2202" started-at="2018-08-18T15:28:14Z" finished-at="2018-08-18T15:28:17Z">
          <reporter-output>
          </reporter-output>
        </test-method> <!-- Valid -->
        <test-method status="PASS" signature="validpassword()[pri:0, instance:FlipKartLogin.FlipKartLogin@6d8a00e3]" name="validpassword" duration-ms="721" started-at="2018-08-18T15:28:17Z" finished-at="2018-08-18T15:28:17Z">
          <reporter-output>
          </reporter-output>
        </test-method> <!-- validpassword -->
        <test-method status="PASS" signature="validusername()[pri:0, instance:FlipKartLogin.FlipKartLogin@6d8a00e3]" name="validusername" duration-ms="713" started-at="2018-08-18T15:28:17Z" finished-at="2018-08-18T15:28:18Z">
          <reporter-output>
          </reporter-output>
        </test-method> <!-- validusername -->
        <test-method status="FAIL" signature="logout()[pri:0, instance:FlipKartLogin.FlipKartLogin@6d8a00e3]" name="logout" duration-ms="20211" started-at="2018-08-18T15:28:18Z" depends-on-methods="FlipKartLogin.FlipKartLogin.Valid" finished-at="2018-08-18T15:28:38Z">
          <exception class="org.openqa.selenium.NoSuchElementException">
            <message>
              <![CDATA[no such element: Unable to locate element: {"method":"xpath","selector":"//*[@id='container']/div/header/div[1]/div/div/div/div[3]/div[1]/div/div/div/span/div"}
  (Session info: chrome=68.0.3440.106)
  (Driver info: chromedriver=2.41.578737 (49da6702b16031c40d63e5618de03a32ff6c197e),platform=Windows NT 6.1.7600 x86_64) (WARNING: The server did not provide any stacktrace information)
Command duration or timeout: 20.06 seconds
For documentation on this error, please visit: http://seleniumhq.org/exceptions/no_such_element.html
Build info: version: '3.4.0', revision: 'unknown', time: 'unknown'
System info: host: 'KARTHICK-PC', ip: '192.168.42.37', os.name: 'Windows 7', os.arch: 'amd64', os.version: '6.1', java.version: '1.8.0_131'
Driver info: org.openqa.selenium.chrome.ChromeDriver
Capabilities [{mobileEmulationEnabled=false, hasTouchScreen=false, platform=XP, acceptSslCerts=false, goog:chromeOptions={debuggerAddress=localhost:52363}, acceptInsecureCerts=false, webStorageEnabled=true, browserName=chrome, takesScreenshot=true, javascriptEnabled=true, setWindowRect=true, unexpectedAlertBehaviour=, applicationCacheEnabled=false, rotatable=false, networkConnectionEnabled=false, chrome={chromedriverVersion=2.41.578737 (49da6702b16031c40d63e5618de03a32ff6c197e), userDataDir=C:\Users\Karthick\AppData\Local\Temp\scoped_dir3188_17573}, takesHeapSnapshot=true, pageLoadStrategy=normal, databaseEnabled=false, handlesAlerts=true, version=68.0.3440.106, browserConnectionEnabled=false, nativeEvents=true, locationContextEnabled=true, cssSelectorsEnabled=true}]
Session ID: 76b4cf8751f87ae685b01e4aca968f0e
*** Element info: {Using=xpath, value=//*[@id='container']/div/header/div[1]/div/div/div/div[3]/div[1]/div/div/div/span/div}]]>
            </message>
            <full-stacktrace>
              <![CDATA[org.openqa.selenium.NoSuchElementException: no such element: Unable to locate element: {"method":"xpath","selector":"//*[@id='container']/div/header/div[1]/div/div/div/div[3]/div[1]/div/div/div/span/div"}
  (Session info: chrome=68.0.3440.106)
  (Driver info: chromedriver=2.41.578737 (49da6702b16031c40d63e5618de03a32ff6c197e),platform=Windows NT 6.1.7600 x86_64) (WARNING: The server did not provide any stacktrace information)
Command duration or timeout: 20.06 seconds
For documentation on this error, please visit: http://seleniumhq.org/exceptions/no_such_element.html
Build info: version: '3.4.0', revision: 'unknown', time: 'unknown'
System info: host: 'KARTHICK-PC', ip: '192.168.42.37', os.name: 'Windows 7', os.arch: 'amd64', os.version: '6.1', java.version: '1.8.0_131'
Driver info: org.openqa.selenium.chrome.ChromeDriver
Capabilities [{mobileEmulationEnabled=false, hasTouchScreen=false, platform=XP, acceptSslCerts=false, goog:chromeOptions={debuggerAddress=localhost:52363}, acceptInsecureCerts=false, webStorageEnabled=true, browserName=chrome, takesScreenshot=true, javascriptEnabled=true, setWindowRect=true, unexpectedAlertBehaviour=, applicationCacheEnabled=false, rotatable=false, networkConnectionEnabled=false, chrome={chromedriverVersion=2.41.578737 (49da6702b16031c40d63e5618de03a32ff6c197e), userDataDir=C:\Users\Karthick\AppData\Local\Temp\scoped_dir3188_17573}, takesHeapSnapshot=true, pageLoadStrategy=normal, databaseEnabled=false, handlesAlerts=true, version=68.0.3440.106, browserConnectionEnabled=false, nativeEvents=true, locationContextEnabled=true, cssSelectorsEnabled=true}]
Session ID: 76b4cf8751f87ae685b01e4aca968f0e
*** Element info: {Using=xpath, value=//*[@id='container']/div/header/div[1]/div/div/div/div[3]/div[1]/div/div/div/span/div}
	at sun.reflect.NativeConstructorAccessorImpl.newInstance0(Native Method)
	at sun.reflect.NativeConstructorAccessorImpl.newInstance(NativeConstructorAccessorImpl.java:62)
	at sun.reflect.DelegatingConstructorAccessorImpl.newInstance(DelegatingConstructorAccessorImpl.java:45)
	at java.lang.reflect.Constructor.newInstance(Constructor.java:423)
	at org.openqa.selenium.remote.ErrorHandler.createThrowable(ErrorHandler.java:215)
	at org.openqa.selenium.remote.ErrorHandler.throwIfResponseFailed(ErrorHandler.java:167)
	at org.openqa.selenium.remote.RemoteWebDriver.execute(RemoteWebDriver.java:671)
	at org.openqa.selenium.remote.RemoteWebDriver.findElement(RemoteWebDriver.java:410)
	at org.openqa.selenium.remote.RemoteWebDriver.findElementByXPath(RemoteWebDriver.java:509)
	at org.openqa.selenium.By$ByXPath.findElement(By.java:361)
	at org.openqa.selenium.remote.RemoteWebDriver.findElement(RemoteWebDriver.java:402)
	at FlipKartLogin.FlipKartLogin.logout(FlipKartLogin.java:50)
	at sun.reflect.NativeMethodAccessorImpl.invoke0(Native Method)
	at sun.reflect.NativeMethodAccessorImpl.invoke(NativeMethodAccessorImpl.java:62)
	at sun.reflect.DelegatingMethodAccessorImpl.invoke(DelegatingMethodAccessorImpl.java:43)
	at java.lang.reflect.Method.invoke(Method.java:498)
	at org.testng.internal.MethodInvocationHelper.invokeMethod(MethodInvocationHelper.java:108)
	at org.testng.internal.Invoker.invokeMethod(Invoker.java:669)
	at org.testng.internal.Invoker.invokeTestMethod(Invoker.java:877)
	at org.testng.internal.Invoker.invokeTestMethods(Invoker.java:1201)
	at org.testng.internal.TestMethodWorker.invokeTestMethods(TestMethodWorker.java:125)
	at org.testng.internal.TestMethodWorker.run(TestMethodWorker.java:109)
	at org.testng.TestRunner.privateRun(TestRunner.java:776)
	at org.testng.TestRunner.run(TestRunner.java:634)
	at org.testng.SuiteRunner.runTest(SuiteRunner.java:425)
	at org.testng.SuiteRunner.runSequentially(SuiteRunner.java:420)
	at org.testng.SuiteRunner.privateRun(SuiteRunner.java:385)
	at org.testng.SuiteRunner.run(SuiteRunner.java:334)
	at org.testng.SuiteRunnerWorker.runSuite(SuiteRunnerWorker.java:52)
	at org.testng.SuiteRunnerWorker.run(SuiteRunnerWorker.java:86)
	at org.testng.TestNG.runSuitesSequentially(TestNG.java:1318)
	at org.testng.TestNG.runSuitesLocally(TestNG.java:1243)
	at org.testng.TestNG.runSuites(TestNG.java:1161)
	at org.testng.TestNG.run(TestNG.java:1129)
	at org.testng.remote.AbstractRemoteTestNG.run(AbstractRemoteTestNG.java:114)
	at org.testng.remote.RemoteTestNG.initAndRun(RemoteTestNG.java:251)
	at org.testng.remote.RemoteTestNG.main(RemoteTestNG.java:77)
]]>
            </full-stacktrace>
          </exception> <!-- org.openqa.selenium.NoSuchElementException -->
          <reporter-output>
          </reporter-output>
        </test-method> <!-- logout -->
        <test-method status="PASS" signature="closebrowser()[pri:0, instance:FlipKartLogin.FlipKartLogin@6d8a00e3]" name="closebrowser" is-config="true" duration-ms="1573" started-at="2018-08-18T15:28:39Z" finished-at="2018-08-18T15:28:40Z">
          <reporter-output>
          </reporter-output>
        </test-method> <!-- closebrowser -->
      </class> <!-- FlipKartLogin.FlipKartLogin -->
    </test> <!-- LoginTest -->
  </suite> <!-- FlipKartLogin -->
</testng-results>
